<?xml version="1.0" encoding="UTF-8"?>
<!-- Generated by org.testng.reporters.JUnitReportReporter -->
<testsuite hostname="LTMY000475" failures="0" tests="6" name="com.selenium.individual.com.selenium.individual.ActionsModule" time="22.245" errors="0" timestamp="2023-05-23T17:36:51 MYT" skipped="0">
  <testcase classname="com.selenium.individual.com.selenium.individual.ActionsModule" name="open_chrome" time="6.674"/>
  <system-out/>
  <testcase classname="com.selenium.individual.com.selenium.individual.ActionsModule" name="screenshot" time="0.268"/>
  <system-out/>
  <testcase classname="com.selenium.individual.com.selenium.individual.ActionsModule" name="login" time="6.475"/>
  <system-out/>
  <testcase classname="com.selenium.individual.com.selenium.individual.ActionsModule" name="mouse_over_contacts" time="0.242"/>
  <system-out/>
  <testcase classname="com.selenium.individual.com.selenium.individual.ActionsModule" name="contacts" time="7.456"/>
  <system-out/>
  <testcase classname="com.selenium.individual.com.selenium.individual.ActionsModule" name="logout" time="1.130"/>
  <system-out/>
</testsuite> <!-- com.selenium.individual.com.selenium.individual.ActionsModule -->
