<?xml version="1.0" encoding="UTF-8"?>
<!-- Generated by org.testng.reporters.JUnitReportReporter -->
<testsuite hostname="LTMY000475" failures="0" tests="6" name="Classes.ActionsModule" time="25.995" errors="0" timestamp="2023-05-23T18:39:41 MYT" skipped="0">
  <testcase classname="Classes.ActionsModule" name="open_chrome" time="8.467"/>
  <system-out/>
  <testcase classname="Classes.ActionsModule" name="screenshot" time="0.237"/>
  <system-out/>
  <testcase classname="Classes.ActionsModule" name="login" time="6.815"/>
  <system-out/>
  <testcase classname="Classes.ActionsModule" name="mouse_over_contacts" time="0.268"/>
  <system-out/>
  <testcase classname="Classes.ActionsModule" name="contacts" time="8.893"/>
  <system-out/>
  <testcase classname="Classes.ActionsModule" name="logout" time="1.315"/>
  <system-out/>
</testsuite> <!-- Classes.ActionsModule -->
