<?xml version="1.0" encoding="UTF-8"?>
<!-- Generated by org.testng.reporters.JUnitReportReporter -->
<testsuite hostname="LTMY000475" failures="0" tests="3" name="Classes.DatePicker$ActionsModule" time="11.466" errors="0" timestamp="2023-05-23T18:39:41 MYT" skipped="2">
  <testcase classname="Classes.DatePicker$ActionsModule" name="open_chrome" time="11.466"/>
  <system-out/>
  <testcase classname="Classes.DatePicker$ActionsModule" name="checkInDate">
    <skipped/>
  </testcase> <!-- checkInDate -->
  <system-out/>
  <testcase classname="Classes.DatePicker$ActionsModule" name="checkOutDate">
    <skipped/>
  </testcase> <!-- checkOutDate -->
  <system-out/>
</testsuite> <!-- Classes.DatePicker$ActionsModule -->
