<?xml version="1.0" encoding="UTF-8"?>
<!-- Generated by org.testng.reporters.JUnitReportReporter -->
<testsuite hostname="LTMY000475" failures="0" tests="2" name="com.selenium.individual.com.selenium.individual.ScrollDownPage" time="9.404" errors="0" timestamp="2023-05-23T15:07:59 MYT" skipped="0">
  <testcase classname="com.selenium.individual.com.selenium.individual.ScrollDownPage" name="open_chrome" time="5.515"/>
  <system-out/>
  <testcase classname="com.selenium.individual.com.selenium.individual.ScrollDownPage" name="selectOffers" time="3.889"/>
  <system-out/>
</testsuite> <!-- com.selenium.individual.com.selenium.individual.ScrollDownPage -->
